<?xml version="1.0" encoding="UTF-8"?>
<!-- Generated by org.testng.reporters.JUnitXMLReporter -->
<testsuite ignored="1" hostname="DESKTOP-E04IP3T" failures="2" tests="2" name="Regression Tests" time="2.25" errors="0" timestamp="2024-12-04T09:05:29 IST">
  <testcase classname="tests.HomeApiDemoTest" name="test01" time="2.06">
    <failure type="java.lang.NullPointerException" message="The provided search context cannot be null">
      <![CDATA[java.lang.NullPointerException: The provided search context cannot be null
at com.google.common.base.Preconditions.checkNotNull(Preconditions.java:922)
at io.appium.java_client.pagefactory.AppiumFieldDecorator.requireWebDriverReference(AppiumFieldDecorator.java:129)
at io.appium.java_client.pagefactory.AppiumFieldDecorator.<init>(AppiumFieldDecorator.java:86)
at io.appium.java_client.pagefactory.AppiumFieldDecorator.<init>(AppiumFieldDecorator.java:100)
at pages.HomeApiDemoApp.<init>(HomeApiDemoApp.java:18)
at tests.HomeApiDemoTest.test01(HomeApiDemoTest.java:27)
at java.base/java.util.ArrayList.forEach(ArrayList.java:1511)
... Removed 27 stack frames]]>
    </failure>
  </testcase> <!-- test01 -->
  <testcase classname="tests.AccessibiltyTest" name="test01" time="0.005">
    <failure type="java.lang.NullPointerException" message="The provided search context cannot be null">
      <![CDATA[java.lang.NullPointerException: The provided search context cannot be null
at com.google.common.base.Preconditions.checkNotNull(Preconditions.java:922)
at io.appium.java_client.pagefactory.AppiumFieldDecorator.requireWebDriverReference(AppiumFieldDecorator.java:129)
at io.appium.java_client.pagefactory.AppiumFieldDecorator.<init>(AppiumFieldDecorator.java:86)
at io.appium.java_client.pagefactory.AppiumFieldDecorator.<init>(AppiumFieldDecorator.java:100)
at pages.AccessibiltyPage.<init>(AccessibiltyPage.java:19)
at tests.AccessibiltyTest.test01(AccessibiltyTest.java:20)
at java.base/java.util.ArrayList.forEach(ArrayList.java:1511)
... Removed 27 stack frames]]>
    </failure>
  </testcase> <!-- test01 -->
  <testcase classname="tests.ViewTest" name="viewtest01" time="0.0">
    <ignored/>
  </testcase> <!-- viewtest01 -->
</testsuite> <!-- Regression Tests -->
